log started: Sun Aug  5 01:16:41 2018

Log file: ./leap.log
>> #
>> # ----- leaprc for loading the ff14SB force field
>> # ----- NOTE: this is designed for PDB format 3!
>> #
>> #	load atom type hybridizations
>> #
>> addAtomTypes {
>> 	{ "H"   "H" "sp3" }
>> 	{ "HO"  "H" "sp3" }
>> 	{ "HS"  "H" "sp3" }
>> 	{ "H1"  "H" "sp3" }
>> 	{ "H2"  "H" "sp3" }
>> 	{ "H3"  "H" "sp3" }
>> 	{ "H4"  "H" "sp3" }
>> 	{ "H5"  "H" "sp3" }
>> 	{ "HW"  "H" "sp3" }
>> 	{ "HC"  "H" "sp3" }
>> 	{ "HA"  "H" "sp3" }
>> 	{ "HP"  "H" "sp3" }
>> 	{ "HZ"  "H" "sp3" }
>> 	{ "OH"  "O" "sp3" }
>> 	{ "OS"  "O" "sp3" }
>> 	{ "O"   "O" "sp2" }
>> 	{ "O2"  "O" "sp2" }
>> 	{ "OP"  "O" "sp2" }
>> 	{ "OW"  "O" "sp3" }
>> 	{ "CT"  "C" "sp3" }
>> 	{ "CX"  "C" "sp3" }
>> 	{ "C8"  "C" "sp3" }
>> 	{ "2C"  "C" "sp3" }
>> 	{ "3C"  "C" "sp3" }
>> 	{ "CH"  "C" "sp3" }
>> 	{ "CS"  "C" "sp2" }
>> 	{ "C"   "C" "sp2" }
>> 	{ "CO"   "C" "sp2" }
>> 	{ "C*"  "C" "sp2" }
>> 	{ "CA"  "C" "sp2" }
>> 	{ "CB"  "C" "sp2" }
>> 	{ "CC"  "C" "sp2" }
>> 	{ "CN"  "C" "sp2" }
>> 	{ "CM"  "C" "sp2" }
>> 	{ "CK"  "C" "sp2" }
>> 	{ "CQ"  "C" "sp2" }
>> 	{ "CD"  "C" "sp2" }
>> 	{ "C5"  "C" "sp2" }
>> 	{ "C4"  "C" "sp2" }
>> 	{ "CP"  "C" "sp2" }
>> 	{ "CI"  "C" "sp3" }
>> 	{ "CJ"  "C" "sp2" }
>> 	{ "CW"  "C" "sp2" }
>> 	{ "CV"  "C" "sp2" }
>> 	{ "CR"  "C" "sp2" }
>> 	{ "CA"  "C" "sp2" }
>> 	{ "CY"  "C" "sp2" }
>> 	{ "C0"  "Ca" "sp3" }
>> 	{ "MG"  "Mg" "sp3" }
>> 	{ "N"   "N" "sp2" }
>> 	{ "NA"  "N" "sp2" }
>> 	{ "N2"  "N" "sp2" }
>> 	{ "N*"  "N" "sp2" }
>> 	{ "NP"  "N" "sp2" }
>> 	{ "NQ"  "N" "sp2" }
>> 	{ "NB"  "N" "sp2" }
>> 	{ "NC"  "N" "sp2" }
>> 	{ "NT"  "N" "sp3" }
>> 	{ "NY"  "N" "sp2" }
>> 	{ "N3"  "N" "sp3" }
>> 	{ "S"   "S" "sp3" }
>> 	{ "SH"  "S" "sp3" }
>> 	{ "P"   "P" "sp3" }
>> 	{ "LP"  ""  "sp3" }
>> 	{ "EP"  ""  "sp3" }
>> 	{ "F"   "F" "sp3" }
>> 	{ "Cl"  "Cl" "sp3" }
>> 	{ "Br"  "Br" "sp3" }
>> 	{ "I"   "I"  "sp3" }
>> }
>> #
>> #	Load the main parameter set.
>> #
>> parm10 = loadamberparams parm10.dat
Loading parameters: /programs/miniconda/dat/leap/parm/parm10.dat
Reading title:
PARM99 + frcmod.ff99SB + frcmod.parmbsc0 + OL3 for RNA
(UNKNOWN ATOM TYPE: Zn)
(UNKNOWN ATOM TYPE: EP)
>> frcmod14SB = loadamberparams frcmod.ff14SB
Loading parameters: /programs/miniconda/dat/leap/parm/frcmod.ff14SB
Reading force field modification type file (frcmod)
Reading title:
ff14SB protein backbone and sidechain parameters
>> #
>> #	Load main chain and terminating amino acid libraries
>> #
>> loadOff amino12.lib
Loading library: /programs/miniconda/dat/leap/lib/amino12.lib
Loading: ALA
Loading: ARG
Loading: ASH
Loading: ASN
Loading: ASP
Loading: CYM
Loading: CYS
Loading: CYX
Loading: GLH
Loading: GLN
Loading: GLU
Loading: GLY
Loading: HID
Loading: HIE
Loading: HIP
Loading: HYP
Loading: ILE
Loading: LEU
Loading: LYN
Loading: LYS
Loading: MET
Loading: PHE
Loading: PRO
Loading: SER
Loading: THR
Loading: TRP
Loading: TYR
Loading: VAL
>> loadOff aminoct12.lib
Loading library: /programs/miniconda/dat/leap/lib/aminoct12.lib
Loading: CALA
Loading: CARG
Loading: CASN
Loading: CASP
Loading: CCYS
Loading: CCYX
Loading: CGLN
Loading: CGLU
Loading: CGLY
Loading: CHID
Loading: CHIE
Loading: CHIP
Loading: CHYP
Loading: CILE
Loading: CLEU
Loading: CLYS
Loading: CMET
Loading: CPHE
Loading: CPRO
Loading: CSER
Loading: CTHR
Loading: CTRP
Loading: CTYR
Loading: CVAL
Loading: NHE
Loading: NME
>> loadOff aminont12.lib
Loading library: /programs/miniconda/dat/leap/lib/aminont12.lib
Loading: ACE
Loading: NALA
Loading: NARG
Loading: NASN
Loading: NASP
Loading: NCYS
Loading: NCYX
Loading: NGLN
Loading: NGLU
Loading: NGLY
Loading: NHID
Loading: NHIE
Loading: NHIP
Loading: NILE
Loading: NLEU
Loading: NLYS
Loading: NMET
Loading: NPHE
Loading: NPRO
Loading: NSER
Loading: NTHR
Loading: NTRP
Loading: NTYR
Loading: NVAL
>> 
>> #
>> #	Define the PDB name map for the amino acids
>> #
>> addPdbResMap {
>>   { 0 "HYP" "HYP" } { 1 "HYP" "CHYP" }
>>   { 0 "ALA" "NALA" } { 1 "ALA" "CALA" }
>>   { 0 "ARG" "NARG" } { 1 "ARG" "CARG" }
>>   { 0 "ASN" "NASN" } { 1 "ASN" "CASN" }
>>   { 0 "ASP" "NASP" } { 1 "ASP" "CASP" }
>>   { 0 "CYS" "NCYS" } { 1 "CYS" "CCYS" }
>>   { 0 "CYX" "NCYX" } { 1 "CYX" "CCYX" }
>>   { 0 "GLN" "NGLN" } { 1 "GLN" "CGLN" }
>>   { 0 "GLU" "NGLU" } { 1 "GLU" "CGLU" }
>>   { 0 "GLY" "NGLY" } { 1 "GLY" "CGLY" }
>>   { 0 "HID" "NHID" } { 1 "HID" "CHID" }
>>   { 0 "HIE" "NHIE" } { 1 "HIE" "CHIE" }
>>   { 0 "HIP" "NHIP" } { 1 "HIP" "CHIP" }
>>   { 0 "ILE" "NILE" } { 1 "ILE" "CILE" }
>>   { 0 "LEU" "NLEU" } { 1 "LEU" "CLEU" }
>>   { 0 "LYS" "NLYS" } { 1 "LYS" "CLYS" }
>>   { 0 "MET" "NMET" } { 1 "MET" "CMET" }
>>   { 0 "PHE" "NPHE" } { 1 "PHE" "CPHE" }
>>   { 0 "PRO" "NPRO" } { 1 "PRO" "CPRO" }
>>   { 0 "SER" "NSER" } { 1 "SER" "CSER" }
>>   { 0 "THR" "NTHR" } { 1 "THR" "CTHR" }
>>   { 0 "TRP" "NTRP" } { 1 "TRP" "CTRP" }
>>   { 0 "TYR" "NTYR" } { 1 "TYR" "CTYR" }
>>   { 0 "VAL" "NVAL" } { 1 "VAL" "CVAL" }
>>   { 0 "HIS" "NHIS" } { 1 "HIS" "CHIS" }
>> }
>> 
>> #
>> # assume that most often proteins use HIE
>> #
>> NHIS = NHIE
>> HIS = HIE
>> CHIS = CHIE
> 
> prot = loadpdb prot_dry.pdb
Loading PDB file: ./prot_dry.pdb
Enter zPdbReadScan from call depth  0.
Exit  zPdbReadScan from call depth  0.
Matching PDB residue names to LEaP variables.
Mapped residue PRO, term: Terminal/beginning, seq. number: 0 to: NPRO.
(Residue 1: GLN, Nonterminal, was not found in name map.)
(Residue 2: ILE, Nonterminal, was not found in name map.)
(Residue 3: THR, Nonterminal, was not found in name map.)
(Residue 4: LEU, Nonterminal, was not found in name map.)
(Residue 5: TRP, Nonterminal, was not found in name map.)
(Residue 6: GLN, Nonterminal, was not found in name map.)
(Residue 7: ARG, Nonterminal, was not found in name map.)
(Residue 8: PRO, Nonterminal, was not found in name map.)
(Residue 9: LEU, Nonterminal, was not found in name map.)
(Residue 10: VAL, Nonterminal, was not found in name map.)
(Residue 11: THR, Nonterminal, was not found in name map.)
(Residue 12: ILE, Nonterminal, was not found in name map.)
(Residue 13: LYS, Nonterminal, was not found in name map.)
(Residue 14: ILE, Nonterminal, was not found in name map.)
(Residue 15: GLY, Nonterminal, was not found in name map.)
(Residue 16: GLY, Nonterminal, was not found in name map.)
(Residue 17: GLN, Nonterminal, was not found in name map.)
(Residue 18: LEU, Nonterminal, was not found in name map.)
(Residue 19: LYS, Nonterminal, was not found in name map.)
(Residue 20: GLU, Nonterminal, was not found in name map.)
(Residue 21: ALA, Nonterminal, was not found in name map.)
(Residue 22: LEU, Nonterminal, was not found in name map.)
(Residue 23: LEU, Nonterminal, was not found in name map.)
(Residue 24: ASP, Nonterminal, was not found in name map.)
(Residue 25: THR, Nonterminal, was not found in name map.)
(Residue 26: GLY, Nonterminal, was not found in name map.)
(Residue 27: ALA, Nonterminal, was not found in name map.)
(Residue 28: ASP, Nonterminal, was not found in name map.)
(Residue 29: ASP, Nonterminal, was not found in name map.)
(Residue 30: THR, Nonterminal, was not found in name map.)
(Residue 31: VAL, Nonterminal, was not found in name map.)
(Residue 32: LEU, Nonterminal, was not found in name map.)
(Residue 33: GLU, Nonterminal, was not found in name map.)
(Residue 34: GLU, Nonterminal, was not found in name map.)
(Residue 35: MET, Nonterminal, was not found in name map.)
(Residue 36: SER, Nonterminal, was not found in name map.)
(Residue 37: LEU, Nonterminal, was not found in name map.)
(Residue 38: PRO, Nonterminal, was not found in name map.)
(Residue 39: GLY, Nonterminal, was not found in name map.)
(Residue 40: ARG, Nonterminal, was not found in name map.)
(Residue 41: TRP, Nonterminal, was not found in name map.)
(Residue 42: LYS, Nonterminal, was not found in name map.)
(Residue 43: PRO, Nonterminal, was not found in name map.)
(Residue 44: LYS, Nonterminal, was not found in name map.)
(Residue 45: MET, Nonterminal, was not found in name map.)
(Residue 46: ILE, Nonterminal, was not found in name map.)
(Residue 47: GLY, Nonterminal, was not found in name map.)
(Residue 48: GLY, Nonterminal, was not found in name map.)
(Residue 49: ILE, Nonterminal, was not found in name map.)
(Residue 50: GLY, Nonterminal, was not found in name map.)
(Residue 51: GLY, Nonterminal, was not found in name map.)
(Residue 52: PHE, Nonterminal, was not found in name map.)
(Residue 53: ILE, Nonterminal, was not found in name map.)
(Residue 54: LYS, Nonterminal, was not found in name map.)
(Residue 55: VAL, Nonterminal, was not found in name map.)
(Residue 56: ARG, Nonterminal, was not found in name map.)
(Residue 57: GLN, Nonterminal, was not found in name map.)
(Residue 58: TYR, Nonterminal, was not found in name map.)
(Residue 59: ASP, Nonterminal, was not found in name map.)
(Residue 60: GLN, Nonterminal, was not found in name map.)
(Residue 61: ILE, Nonterminal, was not found in name map.)
(Residue 62: LEU, Nonterminal, was not found in name map.)
(Residue 63: ILE, Nonterminal, was not found in name map.)
(Residue 64: GLU, Nonterminal, was not found in name map.)
(Residue 65: ILE, Nonterminal, was not found in name map.)
(Residue 66: CYS, Nonterminal, was not found in name map.)
(Residue 67: GLY, Nonterminal, was not found in name map.)
(Residue 68: HID, Nonterminal, was not found in name map.)
(Residue 69: LYS, Nonterminal, was not found in name map.)
(Residue 70: ALA, Nonterminal, was not found in name map.)
(Residue 71: ILE, Nonterminal, was not found in name map.)
(Residue 72: GLY, Nonterminal, was not found in name map.)
(Residue 73: THR, Nonterminal, was not found in name map.)
(Residue 74: VAL, Nonterminal, was not found in name map.)
(Residue 75: LEU, Nonterminal, was not found in name map.)
(Residue 76: VAL, Nonterminal, was not found in name map.)
(Residue 77: GLY, Nonterminal, was not found in name map.)
(Residue 78: PRO, Nonterminal, was not found in name map.)
(Residue 79: THR, Nonterminal, was not found in name map.)
(Residue 80: PRO, Nonterminal, was not found in name map.)
(Residue 81: VAL, Nonterminal, was not found in name map.)
(Residue 82: ASN, Nonterminal, was not found in name map.)
(Residue 83: ILE, Nonterminal, was not found in name map.)
(Residue 84: ILE, Nonterminal, was not found in name map.)
(Residue 85: GLY, Nonterminal, was not found in name map.)
(Residue 86: ARG, Nonterminal, was not found in name map.)
(Residue 87: ASN, Nonterminal, was not found in name map.)
(Residue 88: LEU, Nonterminal, was not found in name map.)
(Residue 89: LEU, Nonterminal, was not found in name map.)
(Residue 90: THR, Nonterminal, was not found in name map.)
(Residue 91: GLN, Nonterminal, was not found in name map.)
(Residue 92: ILE, Nonterminal, was not found in name map.)
(Residue 93: GLY, Nonterminal, was not found in name map.)
(Residue 94: CYS, Nonterminal, was not found in name map.)
(Residue 95: THR, Nonterminal, was not found in name map.)
(Residue 96: LEU, Nonterminal, was not found in name map.)
(Residue 97: ASN, Nonterminal, was not found in name map.)
Mapped residue PHE, term: Terminal/last, seq. number: 98 to: CPHE.
Mapped residue PRO, term: Terminal/beginning, seq. number: 99 to: NPRO.
(Residue 100: GLN, Nonterminal, was not found in name map.)
(Residue 101: ILE, Nonterminal, was not found in name map.)
(Residue 102: THR, Nonterminal, was not found in name map.)
(Residue 103: LEU, Nonterminal, was not found in name map.)
(Residue 104: TRP, Nonterminal, was not found in name map.)
(Residue 105: GLN, Nonterminal, was not found in name map.)
(Residue 106: ARG, Nonterminal, was not found in name map.)
(Residue 107: PRO, Nonterminal, was not found in name map.)
(Residue 108: LEU, Nonterminal, was not found in name map.)
(Residue 109: VAL, Nonterminal, was not found in name map.)
(Residue 110: THR, Nonterminal, was not found in name map.)
(Residue 111: ILE, Nonterminal, was not found in name map.)
(Residue 112: LYS, Nonterminal, was not found in name map.)
(Residue 113: ILE, Nonterminal, was not found in name map.)
(Residue 114: GLY, Nonterminal, was not found in name map.)
(Residue 115: GLY, Nonterminal, was not found in name map.)
(Residue 116: GLN, Nonterminal, was not found in name map.)
(Residue 117: LEU, Nonterminal, was not found in name map.)
(Residue 118: LYS, Nonterminal, was not found in name map.)
(Residue 119: GLU, Nonterminal, was not found in name map.)
(Residue 120: ALA, Nonterminal, was not found in name map.)
(Residue 121: LEU, Nonterminal, was not found in name map.)
(Residue 122: LEU, Nonterminal, was not found in name map.)
(Residue 123: ASP, Nonterminal, was not found in name map.)
(Residue 124: THR, Nonterminal, was not found in name map.)
(Residue 125: GLY, Nonterminal, was not found in name map.)
(Residue 126: ALA, Nonterminal, was not found in name map.)
(Residue 127: ASP, Nonterminal, was not found in name map.)
(Residue 128: ASP, Nonterminal, was not found in name map.)
(Residue 129: THR, Nonterminal, was not found in name map.)
(Residue 130: VAL, Nonterminal, was not found in name map.)
(Residue 131: LEU, Nonterminal, was not found in name map.)
(Residue 132: GLU, Nonterminal, was not found in name map.)
(Residue 133: GLU, Nonterminal, was not found in name map.)
(Residue 134: MET, Nonterminal, was not found in name map.)
(Residue 135: SER, Nonterminal, was not found in name map.)
(Residue 136: LEU, Nonterminal, was not found in name map.)
(Residue 137: PRO, Nonterminal, was not found in name map.)
(Residue 138: GLY, Nonterminal, was not found in name map.)
(Residue 139: ARG, Nonterminal, was not found in name map.)
(Residue 140: TRP, Nonterminal, was not found in name map.)
(Residue 141: LYS, Nonterminal, was not found in name map.)
(Residue 142: PRO, Nonterminal, was not found in name map.)
(Residue 143: LYS, Nonterminal, was not found in name map.)
(Residue 144: MET, Nonterminal, was not found in name map.)
(Residue 145: ILE, Nonterminal, was not found in name map.)
(Residue 146: GLY, Nonterminal, was not found in name map.)
(Residue 147: GLY, Nonterminal, was not found in name map.)
(Residue 148: ILE, Nonterminal, was not found in name map.)
(Residue 149: GLY, Nonterminal, was not found in name map.)
(Residue 150: GLY, Nonterminal, was not found in name map.)
(Residue 151: PHE, Nonterminal, was not found in name map.)
(Residue 152: ILE, Nonterminal, was not found in name map.)
(Residue 153: LYS, Nonterminal, was not found in name map.)
(Residue 154: VAL, Nonterminal, was not found in name map.)
(Residue 155: ARG, Nonterminal, was not found in name map.)
(Residue 156: GLN, Nonterminal, was not found in name map.)
(Residue 157: TYR, Nonterminal, was not found in name map.)
(Residue 158: ASP, Nonterminal, was not found in name map.)
(Residue 159: GLN, Nonterminal, was not found in name map.)
(Residue 160: ILE, Nonterminal, was not found in name map.)
(Residue 161: LEU, Nonterminal, was not found in name map.)
(Residue 162: ILE, Nonterminal, was not found in name map.)
(Residue 163: GLU, Nonterminal, was not found in name map.)
(Residue 164: ILE, Nonterminal, was not found in name map.)
(Residue 165: CYS, Nonterminal, was not found in name map.)
(Residue 166: GLY, Nonterminal, was not found in name map.)
(Residue 167: HID, Nonterminal, was not found in name map.)
(Residue 168: LYS, Nonterminal, was not found in name map.)
(Residue 169: ALA, Nonterminal, was not found in name map.)
(Residue 170: ILE, Nonterminal, was not found in name map.)
(Residue 171: GLY, Nonterminal, was not found in name map.)
(Residue 172: THR, Nonterminal, was not found in name map.)
(Residue 173: VAL, Nonterminal, was not found in name map.)
(Residue 174: LEU, Nonterminal, was not found in name map.)
(Residue 175: VAL, Nonterminal, was not found in name map.)
(Residue 176: GLY, Nonterminal, was not found in name map.)
(Residue 177: PRO, Nonterminal, was not found in name map.)
(Residue 178: THR, Nonterminal, was not found in name map.)
(Residue 179: PRO, Nonterminal, was not found in name map.)
(Residue 180: VAL, Nonterminal, was not found in name map.)
(Residue 181: ASN, Nonterminal, was not found in name map.)
(Residue 182: ILE, Nonterminal, was not found in name map.)
(Residue 183: ILE, Nonterminal, was not found in name map.)
(Residue 184: GLY, Nonterminal, was not found in name map.)
(Residue 185: ARG, Nonterminal, was not found in name map.)
(Residue 186: ASN, Nonterminal, was not found in name map.)
(Residue 187: LEU, Nonterminal, was not found in name map.)
(Residue 188: LEU, Nonterminal, was not found in name map.)
(Residue 189: THR, Nonterminal, was not found in name map.)
(Residue 190: GLN, Nonterminal, was not found in name map.)
(Residue 191: ILE, Nonterminal, was not found in name map.)
(Residue 192: GLY, Nonterminal, was not found in name map.)
(Residue 193: CYS, Nonterminal, was not found in name map.)
(Residue 194: THR, Nonterminal, was not found in name map.)
(Residue 195: LEU, Nonterminal, was not found in name map.)
(Residue 196: ASN, Nonterminal, was not found in name map.)
Mapped residue PHE, term: Terminal/last, seq. number: 197 to: CPHE.
Joining NPRO - GLN
Joining GLN - ILE
Joining ILE - THR
Joining THR - LEU
Joining LEU - TRP
Joining TRP - GLN
Joining GLN - ARG
Joining ARG - PRO
Joining PRO - LEU
Joining LEU - VAL
Joining VAL - THR
Joining THR - ILE
Joining ILE - LYS
Joining LYS - ILE
Joining ILE - GLY
Joining GLY - GLY
Joining GLY - GLN
Joining GLN - LEU
Joining LEU - LYS
Joining LYS - GLU
Joining GLU - ALA
Joining ALA - LEU
Joining LEU - LEU
Joining LEU - ASP
Joining ASP - THR
Joining THR - GLY
Joining GLY - ALA
Joining ALA - ASP
Joining ASP - ASP
Joining ASP - THR
Joining THR - VAL
Joining VAL - LEU
Joining LEU - GLU
Joining GLU - GLU
Joining GLU - MET
Joining MET - SER
Joining SER - LEU
Joining LEU - PRO
Joining PRO - GLY
Joining GLY - ARG
Joining ARG - TRP
Joining TRP - LYS
Joining LYS - PRO
Joining PRO - LYS
Joining LYS - MET
Joining MET - ILE
Joining ILE - GLY
Joining GLY - GLY
Joining GLY - ILE
Joining ILE - GLY
Joining GLY - GLY
Joining GLY - PHE
Joining PHE - ILE
Joining ILE - LYS
Joining LYS - VAL
Joining VAL - ARG
Joining ARG - GLN
Joining GLN - TYR
Joining TYR - ASP
Joining ASP - GLN
Joining GLN - ILE
Joining ILE - LEU
Joining LEU - ILE
Joining ILE - GLU
Joining GLU - ILE
Joining ILE - CYS
Joining CYS - GLY
Joining GLY - HID
Joining HID - LYS
Joining LYS - ALA
Joining ALA - ILE
Joining ILE - GLY
Joining GLY - THR
Joining THR - VAL
Joining VAL - LEU
Joining LEU - VAL
Joining VAL - GLY
Joining GLY - PRO
Joining PRO - THR
Joining THR - PRO
Joining PRO - VAL
Joining VAL - ASN
Joining ASN - ILE
Joining ILE - ILE
Joining ILE - GLY
Joining GLY - ARG
Joining ARG - ASN
Joining ASN - LEU
Joining LEU - LEU
Joining LEU - THR
Joining THR - GLN
Joining GLN - ILE
Joining ILE - GLY
Joining GLY - CYS
Joining CYS - THR
Joining THR - LEU
Joining LEU - ASN
Joining ASN - CPHE
Joining NPRO - GLN
Joining GLN - ILE
Joining ILE - THR
Joining THR - LEU
Joining LEU - TRP
Joining TRP - GLN
Joining GLN - ARG
Joining ARG - PRO
Joining PRO - LEU
Joining LEU - VAL
Joining VAL - THR
Joining THR - ILE
Joining ILE - LYS
Joining LYS - ILE
Joining ILE - GLY
Joining GLY - GLY
Joining GLY - GLN
Joining GLN - LEU
Joining LEU - LYS
Joining LYS - GLU
Joining GLU - ALA
Joining ALA - LEU
Joining LEU - LEU
Joining LEU - ASP
Joining ASP - THR
Joining THR - GLY
Joining GLY - ALA
Joining ALA - ASP
Joining ASP - ASP
Joining ASP - THR
Joining THR - VAL
Joining VAL - LEU
Joining LEU - GLU
Joining GLU - GLU
Joining GLU - MET
Joining MET - SER
Joining SER - LEU
Joining LEU - PRO
Joining PRO - GLY
Joining GLY - ARG
Joining ARG - TRP
Joining TRP - LYS
Joining LYS - PRO
Joining PRO - LYS
Joining LYS - MET
Joining MET - ILE
Joining ILE - GLY
Joining GLY - GLY
Joining GLY - ILE
Joining ILE - GLY
Joining GLY - GLY
Joining GLY - PHE
Joining PHE - ILE
Joining ILE - LYS
Joining LYS - VAL
Joining VAL - ARG
Joining ARG - GLN
Joining GLN - TYR
Joining TYR - ASP
Joining ASP - GLN
Joining GLN - ILE
Joining ILE - LEU
Joining LEU - ILE
Joining ILE - GLU
Joining GLU - ILE
Joining ILE - CYS
Joining CYS - GLY
Joining GLY - HID
Joining HID - LYS
Joining LYS - ALA
Joining ALA - ILE
Joining ILE - GLY
Joining GLY - THR
Joining THR - VAL
Joining VAL - LEU
Joining LEU - VAL
Joining VAL - GLY
Joining GLY - PRO
Joining PRO - THR
Joining THR - PRO
Joining PRO - VAL
Joining VAL - ASN
Joining ASN - ILE
Joining ILE - ILE
Joining ILE - GLY
Joining GLY - ARG
Joining ARG - ASN
Joining ASN - LEU
Joining LEU - LEU
Joining LEU - THR
Joining THR - GLN
Joining GLN - ILE
Joining ILE - GLY
Joining GLY - CYS
Joining CYS - THR
Joining THR - LEU
Joining LEU - ASN
Joining ASN - CPHE
  total atoms in file: 1516
  Leap added 1612 missing atoms according to residue templates:
       1612 H / lone pairs
> saveamberparm prot prot_dry.prmtop prot_dry.inpcrd
Checking Unit.
WARNING: The unperturbed charge of the unit: 4.000000 is not zero.

 -- ignoring the warning.

Building topology.
Building atom parameters.
Building bond parameters.
Building angle parameters.
Building proper torsion parameters.
Building improper torsion parameters.
 ** Warning: No sp2 improper torsion term for  C*-CN-CB-CA
        atoms are: CG CE2 CD2 CE3
 ** Warning: No sp2 improper torsion term for  NA-CA-CN-CB
        atoms are: NE1 CZ2 CE2 CD2
 ** Warning: No sp2 improper torsion term for  C*-CN-CB-CA
        atoms are: CG CE2 CD2 CE3
 ** Warning: No sp2 improper torsion term for  NA-CA-CN-CB
        atoms are: NE1 CZ2 CE2 CD2
 ** Warning: No sp2 improper torsion term for  C*-CN-CB-CA
        atoms are: CG CE2 CD2 CE3
 ** Warning: No sp2 improper torsion term for  NA-CA-CN-CB
        atoms are: NE1 CZ2 CE2 CD2
 ** Warning: No sp2 improper torsion term for  C*-CN-CB-CA
        atoms are: CG CE2 CD2 CE3
 ** Warning: No sp2 improper torsion term for  NA-CA-CN-CB
        atoms are: NE1 CZ2 CE2 CD2
 total 550 improper torsions applied
Building H-Bond parameters.
Incorporating Non-Bonded adjustments.
Not Marking per-residue atom chain types.
Marking per-residue atom chain types.
  (Residues lacking connect0/connect1 - 
   these don't have chain types marked:

	res	total affected

	CPHE	2
	NPRO	2
  )
 (no restraints)
> savepdb prot prot_dry.pdb
Writing pdb file: prot_dry.pdb
 Converting N-terminal residue name to PDB format: NPRO -> PRO
 Converting C-terminal residue name to PDB format: CPHE -> PHE
 Converting N-terminal residue name to PDB format: NPRO -> PRO
 Converting C-terminal residue name to PDB format: CPHE -> PHE
> quit
	Quit
log started: Sun Aug  5 01:25:50 2018

Log file: ./leap.log
>> #
>> # ----- leaprc for loading the ff14SB force field
>> # ----- NOTE: this is designed for PDB format 3!
>> #
>> #	load atom type hybridizations
>> #
>> addAtomTypes {
>> 	{ "H"   "H" "sp3" }
>> 	{ "HO"  "H" "sp3" }
>> 	{ "HS"  "H" "sp3" }
>> 	{ "H1"  "H" "sp3" }
>> 	{ "H2"  "H" "sp3" }
>> 	{ "H3"  "H" "sp3" }
>> 	{ "H4"  "H" "sp3" }
>> 	{ "H5"  "H" "sp3" }
>> 	{ "HW"  "H" "sp3" }
>> 	{ "HC"  "H" "sp3" }
>> 	{ "HA"  "H" "sp3" }
>> 	{ "HP"  "H" "sp3" }
>> 	{ "HZ"  "H" "sp3" }
>> 	{ "OH"  "O" "sp3" }
>> 	{ "OS"  "O" "sp3" }
>> 	{ "O"   "O" "sp2" }
>> 	{ "O2"  "O" "sp2" }
>> 	{ "OP"  "O" "sp2" }
>> 	{ "OW"  "O" "sp3" }
>> 	{ "CT"  "C" "sp3" }
>> 	{ "CX"  "C" "sp3" }
>> 	{ "C8"  "C" "sp3" }
>> 	{ "2C"  "C" "sp3" }
>> 	{ "3C"  "C" "sp3" }
>> 	{ "CH"  "C" "sp3" }
>> 	{ "CS"  "C" "sp2" }
>> 	{ "C"   "C" "sp2" }
>> 	{ "CO"   "C" "sp2" }
>> 	{ "C*"  "C" "sp2" }
>> 	{ "CA"  "C" "sp2" }
>> 	{ "CB"  "C" "sp2" }
>> 	{ "CC"  "C" "sp2" }
>> 	{ "CN"  "C" "sp2" }
>> 	{ "CM"  "C" "sp2" }
>> 	{ "CK"  "C" "sp2" }
>> 	{ "CQ"  "C" "sp2" }
>> 	{ "CD"  "C" "sp2" }
>> 	{ "C5"  "C" "sp2" }
>> 	{ "C4"  "C" "sp2" }
>> 	{ "CP"  "C" "sp2" }
>> 	{ "CI"  "C" "sp3" }
>> 	{ "CJ"  "C" "sp2" }
>> 	{ "CW"  "C" "sp2" }
>> 	{ "CV"  "C" "sp2" }
>> 	{ "CR"  "C" "sp2" }
>> 	{ "CA"  "C" "sp2" }
>> 	{ "CY"  "C" "sp2" }
>> 	{ "C0"  "Ca" "sp3" }
>> 	{ "MG"  "Mg" "sp3" }
>> 	{ "N"   "N" "sp2" }
>> 	{ "NA"  "N" "sp2" }
>> 	{ "N2"  "N" "sp2" }
>> 	{ "N*"  "N" "sp2" }
>> 	{ "NP"  "N" "sp2" }
>> 	{ "NQ"  "N" "sp2" }
>> 	{ "NB"  "N" "sp2" }
>> 	{ "NC"  "N" "sp2" }
>> 	{ "NT"  "N" "sp3" }
>> 	{ "NY"  "N" "sp2" }
>> 	{ "N3"  "N" "sp3" }
>> 	{ "S"   "S" "sp3" }
>> 	{ "SH"  "S" "sp3" }
>> 	{ "P"   "P" "sp3" }
>> 	{ "LP"  ""  "sp3" }
>> 	{ "EP"  ""  "sp3" }
>> 	{ "F"   "F" "sp3" }
>> 	{ "Cl"  "Cl" "sp3" }
>> 	{ "Br"  "Br" "sp3" }
>> 	{ "I"   "I"  "sp3" }
>> }
>> #
>> #	Load the main parameter set.
>> #
>> parm10 = loadamberparams parm10.dat
Loading parameters: /programs/miniconda/dat/leap/parm/parm10.dat
Reading title:
PARM99 + frcmod.ff99SB + frcmod.parmbsc0 + OL3 for RNA
(UNKNOWN ATOM TYPE: Zn)
(UNKNOWN ATOM TYPE: EP)
>> frcmod14SB = loadamberparams frcmod.ff14SB
Loading parameters: /programs/miniconda/dat/leap/parm/frcmod.ff14SB
Reading force field modification type file (frcmod)
Reading title:
ff14SB protein backbone and sidechain parameters
>> #
>> #	Load main chain and terminating amino acid libraries
>> #
>> loadOff amino12.lib
Loading library: /programs/miniconda/dat/leap/lib/amino12.lib
Loading: ALA
Loading: ARG
Loading: ASH
Loading: ASN
Loading: ASP
Loading: CYM
Loading: CYS
Loading: CYX
Loading: GLH
Loading: GLN
Loading: GLU
Loading: GLY
Loading: HID
Loading: HIE
Loading: HIP
Loading: HYP
Loading: ILE
Loading: LEU
Loading: LYN
Loading: LYS
Loading: MET
Loading: PHE
Loading: PRO
Loading: SER
Loading: THR
Loading: TRP
Loading: TYR
Loading: VAL
>> loadOff aminoct12.lib
Loading library: /programs/miniconda/dat/leap/lib/aminoct12.lib
Loading: CALA
Loading: CARG
Loading: CASN
Loading: CASP
Loading: CCYS
Loading: CCYX
Loading: CGLN
Loading: CGLU
Loading: CGLY
Loading: CHID
Loading: CHIE
Loading: CHIP
Loading: CHYP
Loading: CILE
Loading: CLEU
Loading: CLYS
Loading: CMET
Loading: CPHE
Loading: CPRO
Loading: CSER
Loading: CTHR
Loading: CTRP
Loading: CTYR
Loading: CVAL
Loading: NHE
Loading: NME
>> loadOff aminont12.lib
Loading library: /programs/miniconda/dat/leap/lib/aminont12.lib
Loading: ACE
Loading: NALA
Loading: NARG
Loading: NASN
Loading: NASP
Loading: NCYS
Loading: NCYX
Loading: NGLN
Loading: NGLU
Loading: NGLY
Loading: NHID
Loading: NHIE
Loading: NHIP
Loading: NILE
Loading: NLEU
Loading: NLYS
Loading: NMET
Loading: NPHE
Loading: NPRO
Loading: NSER
Loading: NTHR
Loading: NTRP
Loading: NTYR
Loading: NVAL
>> 
>> #
>> #	Define the PDB name map for the amino acids
>> #
>> addPdbResMap {
>>   { 0 "HYP" "HYP" } { 1 "HYP" "CHYP" }
>>   { 0 "ALA" "NALA" } { 1 "ALA" "CALA" }
>>   { 0 "ARG" "NARG" } { 1 "ARG" "CARG" }
>>   { 0 "ASN" "NASN" } { 1 "ASN" "CASN" }
>>   { 0 "ASP" "NASP" } { 1 "ASP" "CASP" }
>>   { 0 "CYS" "NCYS" } { 1 "CYS" "CCYS" }
>>   { 0 "CYX" "NCYX" } { 1 "CYX" "CCYX" }
>>   { 0 "GLN" "NGLN" } { 1 "GLN" "CGLN" }
>>   { 0 "GLU" "NGLU" } { 1 "GLU" "CGLU" }
>>   { 0 "GLY" "NGLY" } { 1 "GLY" "CGLY" }
>>   { 0 "HID" "NHID" } { 1 "HID" "CHID" }
>>   { 0 "HIE" "NHIE" } { 1 "HIE" "CHIE" }
>>   { 0 "HIP" "NHIP" } { 1 "HIP" "CHIP" }
>>   { 0 "ILE" "NILE" } { 1 "ILE" "CILE" }
>>   { 0 "LEU" "NLEU" } { 1 "LEU" "CLEU" }
>>   { 0 "LYS" "NLYS" } { 1 "LYS" "CLYS" }
>>   { 0 "MET" "NMET" } { 1 "MET" "CMET" }
>>   { 0 "PHE" "NPHE" } { 1 "PHE" "CPHE" }
>>   { 0 "PRO" "NPRO" } { 1 "PRO" "CPRO" }
>>   { 0 "SER" "NSER" } { 1 "SER" "CSER" }
>>   { 0 "THR" "NTHR" } { 1 "THR" "CTHR" }
>>   { 0 "TRP" "NTRP" } { 1 "TRP" "CTRP" }
>>   { 0 "TYR" "NTYR" } { 1 "TYR" "CTYR" }
>>   { 0 "VAL" "NVAL" } { 1 "VAL" "CVAL" }
>>   { 0 "HIS" "NHIS" } { 1 "HIS" "CHIS" }
>> }
>> 
>> #
>> # assume that most often proteins use HIE
>> #
>> NHIS = NHIE
>> HIS = HIE
>> CHIS = CHIE
> 
> source leaprc.gaff
----- Source: /programs/miniconda/dat/leap/cmd/leaprc.gaff
----- Source of /programs/miniconda/dat/leap/cmd/leaprc.gaff done
>> logFile leap.log
log started: Sun Aug  5 01:25:50 2018

Log file: ./leap.log
>> #
>> # ----- leaprc for loading the general Amber Force field.
>> #       This file is mostly for use with Antechamber
>> #
>> #	load atom type hybridizations
>> #
>> addAtomTypes {
>> 	{ "h1"  "H" "sp3" }
>> 	{ "h2"  "H" "sp3" }
>> 	{ "h3"  "H" "sp3" }
>> 	{ "h4"  "H" "sp3" }
>> 	{ "h5"  "H" "sp3" }
>> 	{ "ha"  "H" "sp3" }
>> 	{ "hc"  "H" "sp3" }
>> 	{ "hn"  "H" "sp3" }
>> 	{ "ho"  "H" "sp3" }
>> 	{ "hp"  "H" "sp3" }
>> 	{ "hs"  "H" "sp3" }
>> 	{ "hw"  "H" "sp3" }
>> 	{ "hx"  "H" "sp3" }
>> 	{ "o"  "O" "sp2" }
>> 	{ "o2"  "O" "sp2" }
>> 	{ "oh"  "O" "sp3" }
>> 	{ "os"  "O" "sp3" }
>> 	{ "ow"  "O" "sp3" }
>> 	{ "c"  "C" "sp2" }
>> 	{ "c1"  "C" "sp2" }
>> 	{ "c2"  "C" "sp2" }
>> 	{ "c3"  "C" "sp3" }
>> 	{ "ca"  "C" "sp2" }
>> 	{ "cc"  "C" "sp2" }
>> 	{ "cd"  "C" "sp2" }
>> 	{ "ce"  "C" "sp2" }
>> 	{ "cf"  "C" "sp2" }
>> 	{ "cg"  "C" "sp2" }
>> 	{ "ch"  "C" "sp2" }
>> 	{ "cp"  "C" "sp2" }
>> 	{ "cq"  "C" "sp2" }
>> 	{ "cu"  "C" "sp2" }
>> 	{ "cv"  "C" "sp2" }
>> 	{ "cx"  "C" "sp2" }
>> 	{ "cy"  "C" "sp2" }
>> 	{ "cz"  "C" "sp2" }
>> 	{ "n"   "N" "sp2" }
>> 	{ "n1"  "N" "sp2" }
>> 	{ "n2"  "N" "sp2" }
>> 	{ "n3"  "N" "sp3" }
>> 	{ "n4"  "N" "sp3" }
>> 	{ "na"  "N" "sp2" }
>> 	{ "nb"  "N" "sp2" }
>> 	{ "nc"  "N" "sp2" }
>> 	{ "nd"  "N" "sp2" }
>> 	{ "ne"  "N" "sp2" }
>> 	{ "nf"  "N" "sp2" }
>> 	{ "nh"  "N" "sp2" }
>> 	{ "no"  "N" "sp2" }
>> 	{ "s"   "S" "sp2" }
>> 	{ "s2"   "S" "sp2" }
>> 	{ "s3"   "S" "sp3" }
>> 	{ "s4"   "S" "sp3" }
>> 	{ "s6"   "S" "sp3" }
>> 	{ "sh"   "S" "sp3" }
>> 	{ "ss"   "S" "sp3" }
>> 	{ "sx"   "S" "sp3" }
>> 	{ "sy"   "S" "sp3" }
>> 	{ "p2"   "P" "sp2" }
>> 	{ "p3"   "P" "sp3" }
>> 	{ "p4"   "P" "sp3" }
>> 	{ "p5"   "P" "sp3" }
>> 	{ "pb"   "P" "sp3" }
>> 	{ "pc"   "P" "sp3" }
>> 	{ "pd"   "P" "sp3" }
>> 	{ "pe"   "P" "sp3" }
>> 	{ "pf"   "P" "sp3" }
>> 	{ "px"   "P" "sp3" }
>> 	{ "py"   "P" "sp3" }
>> 	{ "f"   "F" "sp3" }
>> 	{ "cl"  "Cl" "sp3" }
>> 	{ "br"  "Br" "sp3" }
>> 	{ "i"   "I"  "sp3" }
>> }
>> #
>> #	Load the general force field parameter set.
>> #
>> gaff = loadamberparams gaff.dat
Loading parameters: /programs/miniconda/dat/leap/parm/gaff.dat
Reading title:
AMBER General Force Field for organic molecules (Version 1.8, Mar 2015)
> 
> source leaprc.water.spce
----- Source: /programs/miniconda/dat/leap/cmd/leaprc.water.spce
----- Source of /programs/miniconda/dat/leap/cmd/leaprc.water.spce done
>> #
>> #       Load water and ions for SPC/E + Joung-Chetham monovalent ions
>> #       + Li/Merz highly charged ions (+2 to +4, 12-6 normal usage set)
>> #
>> addAtomTypes {
>> 	{ "F-"   "F" "sp3" }
>> 	{ "Cl-"  "Cl" "sp3" }
>> 	{ "Br-"  "Br" "sp3" }
>> 	{ "I-"   "I"  "sp3" }
>> 	{ "Li+"  "Li"  "sp3" }
>> 	{ "Na+"  "Na"  "sp3" }
>> 	{ "K+"  "K"  "sp3" }
>> 	{ "Rb+"  "Rb"  "sp3" }
>> 	{ "Cs+"  "Cs"  "sp3" }
>> 	{ "Mg+"  "Mg"  "sp3" }
>>     { "Tl+"  "Tl"  "sp3" }
>>     { "Cu+"  "Cu"  "sp3" }
>>     { "Ag+"  "Ag"  "sp3" }
>>     { "Be2+" "Be"  "sp3" }
>>     { "Cu2+" "Cu"  "sp3" }
>>     { "Ni2+" "Ni"  "sp3" }
>>     { "Pt2+" "Pt"  "sp3" }
>>     { "Zn2+" "Zn"  "sp3" }
>>     { "Co2+" "Co"  "sp3" }
>>     { "Pd2+" "Pd"  "sp3" }
>>     { "Ag2+" "Ag"  "sp3" }
>>     { "Cr2+" "Cr"  "sp3" }
>>     { "Fe2+" "Fe"  "sp3" }
>>     { "Mg2+" "Mg"  "sp3" }
>>     { "V2+"  "V"   "sp3" }
>>     { "Mn2+" "Mn"  "sp3" }
>>     { "Hg2+" "Hg"  "sp3" }
>>     { "Cd2+" "Cd"  "sp3" }
>>     { "Yb2+" "Yb"  "sp3" }
>>     { "Ca2+" "Ca"  "sp3" }
>>     { "Sn2+" "Sn"  "sp3" }
>>     { "Pb2+" "Pb"  "sp3" }
>>     { "Eu2+" "Eu"  "sp3" }
>>     { "Sr2+" "Sr"  "sp3" }
>>     { "Sm2+" "Sm"  "sp3" }
>>     { "Ba2+" "Ba"  "sp3" }
>>     { "Ra2+" "Ra"  "sp3" }
>>     { "Al3+" "Al"  "sp3" }
>>     { "Fe3+" "Fe"  "sp3" }
>>     { "Cr3+" "Cr"  "sp3" }
>>     { "In3+" "In"  "sp3" }
>>     { "Tl3+" "Tl"  "sp3" }
>>     { "Y3+"  "Y"   "sp3" }
>>     { "La3+" "La"  "sp3" }
>>     { "Ce3+" "Ce"  "sp3" }
>>     { "Pr3+" "Pr"  "sp3" }
>>     { "Nd3+" "Nd"  "sp3" }
>>     { "Sm3+" "Sm"  "sp3" }
>>     { "Eu3+" "Eu"  "sp3" }
>>     { "Gd3+" "Gd"  "sp3" }
>>     { "Tb3+" "Tb"  "sp3" }
>>     { "Dy3+" "Dy"  "sp3" }
>>     { "Er3+" "Er"  "sp3" }
>>     { "Tm3+" "Tm"  "sp3" }
>>     { "Lu3+" "Lu"  "sp3" }
>>     { "Hf4+" "Hf"  "sp3" }
>>     { "Zr4+" "Zr"  "sp3" }
>>     { "Ce4+" "Ce"  "sp3" }
>>     { "U4+"  "U"   "sp3" }
>>     { "Pu4+" "Pu"  "sp3" }
>>     { "Th4+" "Th"  "sp3" }
>> }
>> loadOff atomic_ions.lib
Loading library: /programs/miniconda/dat/leap/lib/atomic_ions.lib
Loading: AG
Loading: AL
Loading: Ag
Loading: BA
Loading: BR
Loading: Be
Loading: CA
Loading: CD
Loading: CE
Loading: CL
Loading: CO
Loading: CR
Loading: CS
Loading: CU
Loading: CU1
Loading: Ce
Loading: Cl-
Loading: Cr
Loading: Dy
Loading: EU
Loading: EU3
Loading: Er
Loading: F
Loading: FE
Loading: FE2
Loading: GD3
Loading: H3O+
Loading: HE+
Loading: HG
Loading: HZ+
Loading: Hf
Loading: IN
Loading: IOD
Loading: K
Loading: K+
Loading: LA
Loading: LI
Loading: LU
Loading: MG
Loading: MN
Loading: NA
Loading: NH4
Loading: NI
Loading: Na+
Loading: Nd
Loading: PB
Loading: PD
Loading: PR
Loading: PT
Loading: Pu
Loading: RB
Loading: Ra
Loading: SM
Loading: SR
Loading: Sm
Loading: Sn
Loading: TB
Loading: TL
Loading: Th
Loading: Tl
Loading: Tm
Loading: U4+
Loading: V2+
Loading: Y
Loading: YB2
Loading: ZN
Loading: Zr
>> loadOff solvents.lib
Loading library: /programs/miniconda/dat/leap/lib/solvents.lib
Loading: CHCL3BOX
Loading: DC4
Loading: FB3
Loading: FB3BOX
Loading: FB4
Loading: FB4BOX
Loading: MEOHBOX
Loading: NMABOX
Loading: OP3
Loading: OPC
Loading: OPC3BOX
Loading: OPCBOX
Loading: PL3
Loading: POL3BOX
Loading: QSPCFWBOX
Loading: SPC
Loading: SPCBOX
Loading: SPCFWBOX
Loading: SPF
Loading: SPG
Loading: T4E
Loading: TIP3PBOX
Loading: TIP3PFBOX
Loading: TIP4PBOX
Loading: TIP4PEWBOX
Loading: TIP5PBOX
Loading: TP3
Loading: TP4
Loading: TP5
Loading: TPF
>> HOH = SPC
>> WAT = SPC
>> loadAmberParams frcmod.spce
Loading parameters: /programs/miniconda/dat/leap/parm/frcmod.spce
Reading force field modification type file (frcmod)
Reading title:
This is the additional/replacement parameter set for SPC/E water
>> loadAmberParams frcmod.ionsjc_spce
Loading parameters: /programs/miniconda/dat/leap/parm/frcmod.ionsjc_spce
Reading force field modification type file (frcmod)
Reading title:
Monovalent ion parameters for Ewald and SPC/E water from Joung & Cheatham JPCB (2008)
>> loadAmberParams frcmod.ions234lm_126_spce
Loading parameters: /programs/miniconda/dat/leap/parm/frcmod.ions234lm_126_spce
Reading force field modification type file (frcmod)
Reading title:
Li/Merz ion parameters of divalent to tetravalent ions for SPC/E water model (12-6 normal usage set)
>> 
> 
> dry = loadpdb prot_dry.pdb
Loading PDB file: ./prot_dry.pdb
Enter zPdbReadScan from call depth  0.
Exit  zPdbReadScan from call depth  0.
Matching PDB residue names to LEaP variables.
Mapped residue PRO, term: Terminal/beginning, seq. number: 0 to: NPRO.
(Residue 1: GLN, Nonterminal, was not found in name map.)
(Residue 2: ILE, Nonterminal, was not found in name map.)
(Residue 3: THR, Nonterminal, was not found in name map.)
(Residue 4: LEU, Nonterminal, was not found in name map.)
(Residue 5: TRP, Nonterminal, was not found in name map.)
(Residue 6: GLN, Nonterminal, was not found in name map.)
(Residue 7: ARG, Nonterminal, was not found in name map.)
(Residue 8: PRO, Nonterminal, was not found in name map.)
(Residue 9: LEU, Nonterminal, was not found in name map.)
(Residue 10: VAL, Nonterminal, was not found in name map.)
(Residue 11: THR, Nonterminal, was not found in name map.)
(Residue 12: ILE, Nonterminal, was not found in name map.)
(Residue 13: LYS, Nonterminal, was not found in name map.)
(Residue 14: ILE, Nonterminal, was not found in name map.)
(Residue 15: GLY, Nonterminal, was not found in name map.)
(Residue 16: GLY, Nonterminal, was not found in name map.)
(Residue 17: GLN, Nonterminal, was not found in name map.)
(Residue 18: LEU, Nonterminal, was not found in name map.)
(Residue 19: LYS, Nonterminal, was not found in name map.)
(Residue 20: GLU, Nonterminal, was not found in name map.)
(Residue 21: ALA, Nonterminal, was not found in name map.)
(Residue 22: LEU, Nonterminal, was not found in name map.)
(Residue 23: LEU, Nonterminal, was not found in name map.)
(Residue 24: ASP, Nonterminal, was not found in name map.)
(Residue 25: THR, Nonterminal, was not found in name map.)
(Residue 26: GLY, Nonterminal, was not found in name map.)
(Residue 27: ALA, Nonterminal, was not found in name map.)
(Residue 28: ASP, Nonterminal, was not found in name map.)
(Residue 29: ASP, Nonterminal, was not found in name map.)
(Residue 30: THR, Nonterminal, was not found in name map.)
(Residue 31: VAL, Nonterminal, was not found in name map.)
(Residue 32: LEU, Nonterminal, was not found in name map.)
(Residue 33: GLU, Nonterminal, was not found in name map.)
(Residue 34: GLU, Nonterminal, was not found in name map.)
(Residue 35: MET, Nonterminal, was not found in name map.)
(Residue 36: SER, Nonterminal, was not found in name map.)
(Residue 37: LEU, Nonterminal, was not found in name map.)
(Residue 38: PRO, Nonterminal, was not found in name map.)
(Residue 39: GLY, Nonterminal, was not found in name map.)
(Residue 40: ARG, Nonterminal, was not found in name map.)
(Residue 41: TRP, Nonterminal, was not found in name map.)
(Residue 42: LYS, Nonterminal, was not found in name map.)
(Residue 43: PRO, Nonterminal, was not found in name map.)
(Residue 44: LYS, Nonterminal, was not found in name map.)
(Residue 45: MET, Nonterminal, was not found in name map.)
(Residue 46: ILE, Nonterminal, was not found in name map.)
(Residue 47: GLY, Nonterminal, was not found in name map.)
(Residue 48: GLY, Nonterminal, was not found in name map.)
(Residue 49: ILE, Nonterminal, was not found in name map.)
(Residue 50: GLY, Nonterminal, was not found in name map.)
(Residue 51: GLY, Nonterminal, was not found in name map.)
(Residue 52: PHE, Nonterminal, was not found in name map.)
(Residue 53: ILE, Nonterminal, was not found in name map.)
(Residue 54: LYS, Nonterminal, was not found in name map.)
(Residue 55: VAL, Nonterminal, was not found in name map.)
(Residue 56: ARG, Nonterminal, was not found in name map.)
(Residue 57: GLN, Nonterminal, was not found in name map.)
(Residue 58: TYR, Nonterminal, was not found in name map.)
(Residue 59: ASP, Nonterminal, was not found in name map.)
(Residue 60: GLN, Nonterminal, was not found in name map.)
(Residue 61: ILE, Nonterminal, was not found in name map.)
(Residue 62: LEU, Nonterminal, was not found in name map.)
(Residue 63: ILE, Nonterminal, was not found in name map.)
(Residue 64: GLU, Nonterminal, was not found in name map.)
(Residue 65: ILE, Nonterminal, was not found in name map.)
(Residue 66: CYS, Nonterminal, was not found in name map.)
(Residue 67: GLY, Nonterminal, was not found in name map.)
(Residue 68: HID, Nonterminal, was not found in name map.)
(Residue 69: LYS, Nonterminal, was not found in name map.)
(Residue 70: ALA, Nonterminal, was not found in name map.)
(Residue 71: ILE, Nonterminal, was not found in name map.)
(Residue 72: GLY, Nonterminal, was not found in name map.)
(Residue 73: THR, Nonterminal, was not found in name map.)
(Residue 74: VAL, Nonterminal, was not found in name map.)
(Residue 75: LEU, Nonterminal, was not found in name map.)
(Residue 76: VAL, Nonterminal, was not found in name map.)
(Residue 77: GLY, Nonterminal, was not found in name map.)
(Residue 78: PRO, Nonterminal, was not found in name map.)
(Residue 79: THR, Nonterminal, was not found in name map.)
(Residue 80: PRO, Nonterminal, was not found in name map.)
(Residue 81: VAL, Nonterminal, was not found in name map.)
(Residue 82: ASN, Nonterminal, was not found in name map.)
(Residue 83: ILE, Nonterminal, was not found in name map.)
(Residue 84: ILE, Nonterminal, was not found in name map.)
(Residue 85: GLY, Nonterminal, was not found in name map.)
(Residue 86: ARG, Nonterminal, was not found in name map.)
(Residue 87: ASN, Nonterminal, was not found in name map.)
(Residue 88: LEU, Nonterminal, was not found in name map.)
(Residue 89: LEU, Nonterminal, was not found in name map.)
(Residue 90: THR, Nonterminal, was not found in name map.)
(Residue 91: GLN, Nonterminal, was not found in name map.)
(Residue 92: ILE, Nonterminal, was not found in name map.)
(Residue 93: GLY, Nonterminal, was not found in name map.)
(Residue 94: CYS, Nonterminal, was not found in name map.)
(Residue 95: THR, Nonterminal, was not found in name map.)
(Residue 96: LEU, Nonterminal, was not found in name map.)
(Residue 97: ASN, Nonterminal, was not found in name map.)
Mapped residue PHE, term: Terminal/last, seq. number: 98 to: CPHE.
Mapped residue PRO, term: Terminal/beginning, seq. number: 99 to: NPRO.
(Residue 100: GLN, Nonterminal, was not found in name map.)
(Residue 101: ILE, Nonterminal, was not found in name map.)
(Residue 102: THR, Nonterminal, was not found in name map.)
(Residue 103: LEU, Nonterminal, was not found in name map.)
(Residue 104: TRP, Nonterminal, was not found in name map.)
(Residue 105: GLN, Nonterminal, was not found in name map.)
(Residue 106: ARG, Nonterminal, was not found in name map.)
(Residue 107: PRO, Nonterminal, was not found in name map.)
(Residue 108: LEU, Nonterminal, was not found in name map.)
(Residue 109: VAL, Nonterminal, was not found in name map.)
(Residue 110: THR, Nonterminal, was not found in name map.)
(Residue 111: ILE, Nonterminal, was not found in name map.)
(Residue 112: LYS, Nonterminal, was not found in name map.)
(Residue 113: ILE, Nonterminal, was not found in name map.)
(Residue 114: GLY, Nonterminal, was not found in name map.)
(Residue 115: GLY, Nonterminal, was not found in name map.)
(Residue 116: GLN, Nonterminal, was not found in name map.)
(Residue 117: LEU, Nonterminal, was not found in name map.)
(Residue 118: LYS, Nonterminal, was not found in name map.)
(Residue 119: GLU, Nonterminal, was not found in name map.)
(Residue 120: ALA, Nonterminal, was not found in name map.)
(Residue 121: LEU, Nonterminal, was not found in name map.)
(Residue 122: LEU, Nonterminal, was not found in name map.)
(Residue 123: ASP, Nonterminal, was not found in name map.)
(Residue 124: THR, Nonterminal, was not found in name map.)
(Residue 125: GLY, Nonterminal, was not found in name map.)
(Residue 126: ALA, Nonterminal, was not found in name map.)
(Residue 127: ASP, Nonterminal, was not found in name map.)
(Residue 128: ASP, Nonterminal, was not found in name map.)
(Residue 129: THR, Nonterminal, was not found in name map.)
(Residue 130: VAL, Nonterminal, was not found in name map.)
(Residue 131: LEU, Nonterminal, was not found in name map.)
(Residue 132: GLU, Nonterminal, was not found in name map.)
(Residue 133: GLU, Nonterminal, was not found in name map.)
(Residue 134: MET, Nonterminal, was not found in name map.)
(Residue 135: SER, Nonterminal, was not found in name map.)
(Residue 136: LEU, Nonterminal, was not found in name map.)
(Residue 137: PRO, Nonterminal, was not found in name map.)
(Residue 138: GLY, Nonterminal, was not found in name map.)
(Residue 139: ARG, Nonterminal, was not found in name map.)
(Residue 140: TRP, Nonterminal, was not found in name map.)
(Residue 141: LYS, Nonterminal, was not found in name map.)
(Residue 142: PRO, Nonterminal, was not found in name map.)
(Residue 143: LYS, Nonterminal, was not found in name map.)
(Residue 144: MET, Nonterminal, was not found in name map.)
(Residue 145: ILE, Nonterminal, was not found in name map.)
(Residue 146: GLY, Nonterminal, was not found in name map.)
(Residue 147: GLY, Nonterminal, was not found in name map.)
(Residue 148: ILE, Nonterminal, was not found in name map.)
(Residue 149: GLY, Nonterminal, was not found in name map.)
(Residue 150: GLY, Nonterminal, was not found in name map.)
(Residue 151: PHE, Nonterminal, was not found in name map.)
(Residue 152: ILE, Nonterminal, was not found in name map.)
(Residue 153: LYS, Nonterminal, was not found in name map.)
(Residue 154: VAL, Nonterminal, was not found in name map.)
(Residue 155: ARG, Nonterminal, was not found in name map.)
(Residue 156: GLN, Nonterminal, was not found in name map.)
(Residue 157: TYR, Nonterminal, was not found in name map.)
(Residue 158: ASP, Nonterminal, was not found in name map.)
(Residue 159: GLN, Nonterminal, was not found in name map.)
(Residue 160: ILE, Nonterminal, was not found in name map.)
(Residue 161: LEU, Nonterminal, was not found in name map.)
(Residue 162: ILE, Nonterminal, was not found in name map.)
(Residue 163: GLU, Nonterminal, was not found in name map.)
(Residue 164: ILE, Nonterminal, was not found in name map.)
(Residue 165: CYS, Nonterminal, was not found in name map.)
(Residue 166: GLY, Nonterminal, was not found in name map.)
(Residue 167: HID, Nonterminal, was not found in name map.)
(Residue 168: LYS, Nonterminal, was not found in name map.)
(Residue 169: ALA, Nonterminal, was not found in name map.)
(Residue 170: ILE, Nonterminal, was not found in name map.)
(Residue 171: GLY, Nonterminal, was not found in name map.)
(Residue 172: THR, Nonterminal, was not found in name map.)
(Residue 173: VAL, Nonterminal, was not found in name map.)
(Residue 174: LEU, Nonterminal, was not found in name map.)
(Residue 175: VAL, Nonterminal, was not found in name map.)
(Residue 176: GLY, Nonterminal, was not found in name map.)
(Residue 177: PRO, Nonterminal, was not found in name map.)
(Residue 178: THR, Nonterminal, was not found in name map.)
(Residue 179: PRO, Nonterminal, was not found in name map.)
(Residue 180: VAL, Nonterminal, was not found in name map.)
(Residue 181: ASN, Nonterminal, was not found in name map.)
(Residue 182: ILE, Nonterminal, was not found in name map.)
(Residue 183: ILE, Nonterminal, was not found in name map.)
(Residue 184: GLY, Nonterminal, was not found in name map.)
(Residue 185: ARG, Nonterminal, was not found in name map.)
(Residue 186: ASN, Nonterminal, was not found in name map.)
(Residue 187: LEU, Nonterminal, was not found in name map.)
(Residue 188: LEU, Nonterminal, was not found in name map.)
(Residue 189: THR, Nonterminal, was not found in name map.)
(Residue 190: GLN, Nonterminal, was not found in name map.)
(Residue 191: ILE, Nonterminal, was not found in name map.)
(Residue 192: GLY, Nonterminal, was not found in name map.)
(Residue 193: CYS, Nonterminal, was not found in name map.)
(Residue 194: THR, Nonterminal, was not found in name map.)
(Residue 195: LEU, Nonterminal, was not found in name map.)
(Residue 196: ASN, Nonterminal, was not found in name map.)
Mapped residue PHE, term: Terminal/last, seq. number: 197 to: CPHE.
Joining NPRO - GLN
Joining GLN - ILE
Joining ILE - THR
Joining THR - LEU
Joining LEU - TRP
Joining TRP - GLN
Joining GLN - ARG
Joining ARG - PRO
Joining PRO - LEU
Joining LEU - VAL
Joining VAL - THR
Joining THR - ILE
Joining ILE - LYS
Joining LYS - ILE
Joining ILE - GLY
Joining GLY - GLY
Joining GLY - GLN
Joining GLN - LEU
Joining LEU - LYS
Joining LYS - GLU
Joining GLU - ALA
Joining ALA - LEU
Joining LEU - LEU
Joining LEU - ASP
Joining ASP - THR
Joining THR - GLY
Joining GLY - ALA
Joining ALA - ASP
Joining ASP - ASP
Joining ASP - THR
Joining THR - VAL
Joining VAL - LEU
Joining LEU - GLU
Joining GLU - GLU
Joining GLU - MET
Joining MET - SER
Joining SER - LEU
Joining LEU - PRO
Joining PRO - GLY
Joining GLY - ARG
Joining ARG - TRP
Joining TRP - LYS
Joining LYS - PRO
Joining PRO - LYS
Joining LYS - MET
Joining MET - ILE
Joining ILE - GLY
Joining GLY - GLY
Joining GLY - ILE
Joining ILE - GLY
Joining GLY - GLY
Joining GLY - PHE
Joining PHE - ILE
Joining ILE - LYS
Joining LYS - VAL
Joining VAL - ARG
Joining ARG - GLN
Joining GLN - TYR
Joining TYR - ASP
Joining ASP - GLN
Joining GLN - ILE
Joining ILE - LEU
Joining LEU - ILE
Joining ILE - GLU
Joining GLU - ILE
Joining ILE - CYS
Joining CYS - GLY
Joining GLY - HID
Joining HID - LYS
Joining LYS - ALA
Joining ALA - ILE
Joining ILE - GLY
Joining GLY - THR
Joining THR - VAL
Joining VAL - LEU
Joining LEU - VAL
Joining VAL - GLY
Joining GLY - PRO
Joining PRO - THR
Joining THR - PRO
Joining PRO - VAL
Joining VAL - ASN
Joining ASN - ILE
Joining ILE - ILE
Joining ILE - GLY
Joining GLY - ARG
Joining ARG - ASN
Joining ASN - LEU
Joining LEU - LEU
Joining LEU - THR
Joining THR - GLN
Joining GLN - ILE
Joining ILE - GLY
Joining GLY - CYS
Joining CYS - THR
Joining THR - LEU
Joining LEU - ASN
Joining ASN - CPHE
Joining NPRO - GLN
Joining GLN - ILE
Joining ILE - THR
Joining THR - LEU
Joining LEU - TRP
Joining TRP - GLN
Joining GLN - ARG
Joining ARG - PRO
Joining PRO - LEU
Joining LEU - VAL
Joining VAL - THR
Joining THR - ILE
Joining ILE - LYS
Joining LYS - ILE
Joining ILE - GLY
Joining GLY - GLY
Joining GLY - GLN
Joining GLN - LEU
Joining LEU - LYS
Joining LYS - GLU
Joining GLU - ALA
Joining ALA - LEU
Joining LEU - LEU
Joining LEU - ASP
Joining ASP - THR
Joining THR - GLY
Joining GLY - ALA
Joining ALA - ASP
Joining ASP - ASP
Joining ASP - THR
Joining THR - VAL
Joining VAL - LEU
Joining LEU - GLU
Joining GLU - GLU
Joining GLU - MET
Joining MET - SER
Joining SER - LEU
Joining LEU - PRO
Joining PRO - GLY
Joining GLY - ARG
Joining ARG - TRP
Joining TRP - LYS
Joining LYS - PRO
Joining PRO - LYS
Joining LYS - MET
Joining MET - ILE
Joining ILE - GLY
Joining GLY - GLY
Joining GLY - ILE
Joining ILE - GLY
Joining GLY - GLY
Joining GLY - PHE
Joining PHE - ILE
Joining ILE - LYS
Joining LYS - VAL
Joining VAL - ARG
Joining ARG - GLN
Joining GLN - TYR
Joining TYR - ASP
Joining ASP - GLN
Joining GLN - ILE
Joining ILE - LEU
Joining LEU - ILE
Joining ILE - GLU
Joining GLU - ILE
Joining ILE - CYS
Joining CYS - GLY
Joining GLY - HID
Joining HID - LYS
Joining LYS - ALA
Joining ALA - ILE
Joining ILE - GLY
Joining GLY - THR
Joining THR - VAL
Joining VAL - LEU
Joining LEU - VAL
Joining VAL - GLY
Joining GLY - PRO
Joining PRO - THR
Joining THR - PRO
Joining PRO - VAL
Joining VAL - ASN
Joining ASN - ILE
Joining ILE - ILE
Joining ILE - GLY
Joining GLY - ARG
Joining ARG - ASN
Joining ASN - LEU
Joining LEU - LEU
Joining LEU - THR
Joining THR - GLN
Joining GLN - ILE
Joining ILE - GLY
Joining GLY - CYS
Joining CYS - THR
Joining THR - LEU
Joining LEU - ASN
Joining ASN - CPHE
  total atoms in file: 3128
> wat  = loadpdb gasol_wat.pdb
Loading PDB file: ./gasol_wat.pdb
Enter zPdbReadScan from call depth  0.
Exit  zPdbReadScan from call depth  0.
Matching PDB residue names to LEaP variables.
(Residue 0: HOH, Terminal/beginning, was not found in name map.)
(Residue 1: HOH, Nonterminal, was not found in name map.)
(Residue 2: HOH, Nonterminal, was not found in name map.)
(Residue 3: HOH, Nonterminal, was not found in name map.)
(Residue 4: HOH, Nonterminal, was not found in name map.)
(Residue 5: HOH, Nonterminal, was not found in name map.)
(Residue 6: HOH, Nonterminal, was not found in name map.)
(Residue 7: HOH, Nonterminal, was not found in name map.)
(Residue 8: HOH, Nonterminal, was not found in name map.)
(Residue 9: HOH, Nonterminal, was not found in name map.)
(Residue 10: HOH, Nonterminal, was not found in name map.)
(Residue 11: HOH, Nonterminal, was not found in name map.)
(Residue 12: HOH, Nonterminal, was not found in name map.)
(Residue 13: HOH, Nonterminal, was not found in name map.)
(Residue 14: HOH, Nonterminal, was not found in name map.)
(Residue 15: HOH, Nonterminal, was not found in name map.)
(Residue 16: HOH, Nonterminal, was not found in name map.)
(Residue 17: HOH, Nonterminal, was not found in name map.)
(Residue 18: HOH, Nonterminal, was not found in name map.)
(Residue 19: HOH, Nonterminal, was not found in name map.)
(Residue 20: HOH, Nonterminal, was not found in name map.)
(Residue 21: HOH, Nonterminal, was not found in name map.)
(Residue 22: HOH, Nonterminal, was not found in name map.)
(Residue 23: HOH, Nonterminal, was not found in name map.)
(Residue 24: HOH, Nonterminal, was not found in name map.)
(Residue 25: HOH, Nonterminal, was not found in name map.)
(Residue 26: HOH, Nonterminal, was not found in name map.)
(Residue 27: HOH, Nonterminal, was not found in name map.)
(Residue 28: HOH, Nonterminal, was not found in name map.)
(Residue 29: HOH, Terminal/last, was not found in name map.)
Starting new chain with SPC
Starting new chain with SPC
Starting new chain with SPC
Starting new chain with SPC
Starting new chain with SPC
Starting new chain with SPC
Starting new chain with SPC
Starting new chain with SPC
Starting new chain with SPC
Starting new chain with SPC
Starting new chain with SPC
Starting new chain with SPC
Starting new chain with SPC
Starting new chain with SPC
Starting new chain with SPC
Starting new chain with SPC
Starting new chain with SPC
Starting new chain with SPC
Starting new chain with SPC
Starting new chain with SPC
Starting new chain with SPC
Starting new chain with SPC
Starting new chain with SPC
Starting new chain with SPC
Starting new chain with SPC
Starting new chain with SPC
Starting new chain with SPC
Starting new chain with SPC
Starting new chain with SPC
  total atoms in file: 30
  Leap added 60 missing atoms according to residue templates:
       60 H / lone pairs
> prot = combine {dry wat}
  Sequence: default_name
  Sequence: default_name
> solvateBox prot SPCBOX 10.00
  Solute vdw bounding box:              63.006 40.491 42.257
  Total bounding box for atom centers:  83.006 60.491 62.257
  Solvent unit box:                     18.774 18.774 18.774
The number of boxes:  x= 5  y= 4  z= 4
Adding box at: x=0  y=0  z=0
Center of solvent box is: 37.548698, 28.161524, 28.161524
Adding box at: x=0  y=0  z=1
Center of solvent box is: 37.548698, 28.161524, 9.387175
Adding box at: x=0  y=0  z=2
Center of solvent box is: 37.548698, 28.161524, -9.387175
Adding box at: x=0  y=0  z=3
Center of solvent box is: 37.548698, 28.161524, -28.161524
Adding box at: x=0  y=1  z=0
Center of solvent box is: 37.548698, 9.387175, 28.161524
Adding box at: x=0  y=1  z=1
Center of solvent box is: 37.548698, 9.387175, 9.387175
Adding box at: x=0  y=1  z=2
Center of solvent box is: 37.548698, 9.387175, -9.387175
Adding box at: x=0  y=1  z=3
Center of solvent box is: 37.548698, 9.387175, -28.161524
Adding box at: x=0  y=2  z=0
Center of solvent box is: 37.548698, -9.387175, 28.161524
Adding box at: x=0  y=2  z=1
Center of solvent box is: 37.548698, -9.387175, 9.387175
Adding box at: x=0  y=2  z=2
Center of solvent box is: 37.548698, -9.387175, -9.387175
Adding box at: x=0  y=2  z=3
Center of solvent box is: 37.548698, -9.387175, -28.161524
Adding box at: x=0  y=3  z=0
Center of solvent box is: 37.548698, -28.161524, 28.161524
Adding box at: x=0  y=3  z=1
Center of solvent box is: 37.548698, -28.161524, 9.387175
Adding box at: x=0  y=3  z=2
Center of solvent box is: 37.548698, -28.161524, -9.387175
Adding box at: x=0  y=3  z=3
Center of solvent box is: 37.548698, -28.161524, -28.161524
Adding box at: x=1  y=0  z=0
Center of solvent box is: 18.774349, 28.161524, 28.161524
Adding box at: x=1  y=0  z=1
Center of solvent box is: 18.774349, 28.161524, 9.387175
Adding box at: x=1  y=0  z=2
Center of solvent box is: 18.774349, 28.161524, -9.387175
Adding box at: x=1  y=0  z=3
Center of solvent box is: 18.774349, 28.161524, -28.161524
Adding box at: x=1  y=1  z=0
Center of solvent box is: 18.774349, 9.387175, 28.161524
Adding box at: x=1  y=1  z=1
Center of solvent box is: 18.774349, 9.387175, 9.387175
Adding box at: x=1  y=1  z=2
Center of solvent box is: 18.774349, 9.387175, -9.387175
Adding box at: x=1  y=1  z=3
Center of solvent box is: 18.774349, 9.387175, -28.161524
Adding box at: x=1  y=2  z=0
Center of solvent box is: 18.774349, -9.387175, 28.161524
Adding box at: x=1  y=2  z=1
Center of solvent box is: 18.774349, -9.387175, 9.387175
Adding box at: x=1  y=2  z=2
Center of solvent box is: 18.774349, -9.387175, -9.387175
Adding box at: x=1  y=2  z=3
Center of solvent box is: 18.774349, -9.387175, -28.161524
Adding box at: x=1  y=3  z=0
Center of solvent box is: 18.774349, -28.161524, 28.161524
Adding box at: x=1  y=3  z=1
Center of solvent box is: 18.774349, -28.161524, 9.387175
Adding box at: x=1  y=3  z=2
Center of solvent box is: 18.774349, -28.161524, -9.387175
Adding box at: x=1  y=3  z=3
Center of solvent box is: 18.774349, -28.161524, -28.161524
Adding box at: x=2  y=0  z=0
Center of solvent box is: 0.000000, 28.161524, 28.161524
Adding box at: x=2  y=0  z=1
Center of solvent box is: 0.000000, 28.161524, 9.387175
Adding box at: x=2  y=0  z=2
Center of solvent box is: 0.000000, 28.161524, -9.387175
Adding box at: x=2  y=0  z=3
Center of solvent box is: 0.000000, 28.161524, -28.161524
Adding box at: x=2  y=1  z=0
Center of solvent box is: 0.000000, 9.387175, 28.161524
Adding box at: x=2  y=1  z=1
Center of solvent box is: 0.000000, 9.387175, 9.387175
Adding box at: x=2  y=1  z=2
Center of solvent box is: 0.000000, 9.387175, -9.387175
Adding box at: x=2  y=1  z=3
Center of solvent box is: 0.000000, 9.387175, -28.161524
Adding box at: x=2  y=2  z=0
Center of solvent box is: 0.000000, -9.387175, 28.161524
Adding box at: x=2  y=2  z=1
Center of solvent box is: 0.000000, -9.387175, 9.387175
Adding box at: x=2  y=2  z=2
Center of solvent box is: 0.000000, -9.387175, -9.387175
Adding box at: x=2  y=2  z=3
Center of solvent box is: 0.000000, -9.387175, -28.161524
Adding box at: x=2  y=3  z=0
Center of solvent box is: 0.000000, -28.161524, 28.161524
Adding box at: x=2  y=3  z=1
Center of solvent box is: 0.000000, -28.161524, 9.387175
Adding box at: x=2  y=3  z=2
Center of solvent box is: 0.000000, -28.161524, -9.387175
Adding box at: x=2  y=3  z=3
Center of solvent box is: 0.000000, -28.161524, -28.161524
Adding box at: x=3  y=0  z=0
Center of solvent box is: -18.774349, 28.161524, 28.161524
Adding box at: x=3  y=0  z=1
Center of solvent box is: -18.774349, 28.161524, 9.387175
Adding box at: x=3  y=0  z=2
Center of solvent box is: -18.774349, 28.161524, -9.387175
Adding box at: x=3  y=0  z=3
Center of solvent box is: -18.774349, 28.161524, -28.161524
Adding box at: x=3  y=1  z=0
Center of solvent box is: -18.774349, 9.387175, 28.161524
Adding box at: x=3  y=1  z=1
Center of solvent box is: -18.774349, 9.387175, 9.387175
Adding box at: x=3  y=1  z=2
Center of solvent box is: -18.774349, 9.387175, -9.387175
Adding box at: x=3  y=1  z=3
Center of solvent box is: -18.774349, 9.387175, -28.161524
Adding box at: x=3  y=2  z=0
Center of solvent box is: -18.774349, -9.387175, 28.161524
Adding box at: x=3  y=2  z=1
Center of solvent box is: -18.774349, -9.387175, 9.387175
Adding box at: x=3  y=2  z=2
Center of solvent box is: -18.774349, -9.387175, -9.387175
Adding box at: x=3  y=2  z=3
Center of solvent box is: -18.774349, -9.387175, -28.161524
Adding box at: x=3  y=3  z=0
Center of solvent box is: -18.774349, -28.161524, 28.161524
Adding box at: x=3  y=3  z=1
Center of solvent box is: -18.774349, -28.161524, 9.387175
Adding box at: x=3  y=3  z=2
Center of solvent box is: -18.774349, -28.161524, -9.387175
Adding box at: x=3  y=3  z=3
Center of solvent box is: -18.774349, -28.161524, -28.161524
Adding box at: x=4  y=0  z=0
Center of solvent box is: -37.548698, 28.161524, 28.161524
Adding box at: x=4  y=0  z=1
Center of solvent box is: -37.548698, 28.161524, 9.387175
Adding box at: x=4  y=0  z=2
Center of solvent box is: -37.548698, 28.161524, -9.387175
Adding box at: x=4  y=0  z=3
Center of solvent box is: -37.548698, 28.161524, -28.161524
Adding box at: x=4  y=1  z=0
Center of solvent box is: -37.548698, 9.387175, 28.161524
Adding box at: x=4  y=1  z=1
Center of solvent box is: -37.548698, 9.387175, 9.387175
Adding box at: x=4  y=1  z=2
Center of solvent box is: -37.548698, 9.387175, -9.387175
Adding box at: x=4  y=1  z=3
Center of solvent box is: -37.548698, 9.387175, -28.161524
Adding box at: x=4  y=2  z=0
Center of solvent box is: -37.548698, -9.387175, 28.161524
Adding box at: x=4  y=2  z=1
Center of solvent box is: -37.548698, -9.387175, 9.387175
Adding box at: x=4  y=2  z=2
Center of solvent box is: -37.548698, -9.387175, -9.387175
Adding box at: x=4  y=2  z=3
Center of solvent box is: -37.548698, -9.387175, -28.161524
Adding box at: x=4  y=3  z=0
Center of solvent box is: -37.548698, -28.161524, 28.161524
Adding box at: x=4  y=3  z=1
Center of solvent box is: -37.548698, -28.161524, 9.387175
Adding box at: x=4  y=3  z=2
Center of solvent box is: -37.548698, -28.161524, -9.387175
Adding box at: x=4  y=3  z=3
Center of solvent box is: -37.548698, -28.161524, -28.161524
  Total vdw box size:                   85.977 63.150 65.381 angstroms.
  Volume: 354981.654 A^3 
  Total mass 171663.036 amu,  Density 0.803 g/cc
  Added 8300 residues.
> addIons2 prot Cl- 0
4 Cl- ions required to neutralize.
Adding 4 counter ions to "prot" using 1A grid
Total solute charge:   4.00  Max atom radius:   2.00
Grid extends from solute vdw + 2.71  to  8.71
Box:
   enclosing:  -49.92 -39.10 -39.69   50.40 38.63 39.93
   sized:			      78.08 88.90 88.31
   edge:        128.00
Resolution:      1.00 Angstrom.
Tree depth: 7
grid build: 1 sec
Volume =  8.07% of box, grid points 169163
Calculating grid charges
charges: 88 sec
Placed Cl- in prot at (44.08, -17.10, 0.31).
Placed Cl- in prot at (-42.92, -25.10, -21.69).
Placed Cl- in prot at (14.08, -32.10, -30.69).
Placed Cl- in prot at (35.08, 7.90, 34.31).

Done adding ions.
> addIons2 prot Na+ 0
addIons: 1st Ion & target are the same charge:
     can't neutralize.
> saveAmberParm prot prot_amber.prmtop prot_amber.inpcrd
Checking Unit.
Building topology.
Building atom parameters.
Building bond parameters.
Building angle parameters.
Building proper torsion parameters.
Building improper torsion parameters.
 ** Warning: No sp2 improper torsion term for  NA-CA-CN-CB
        atoms are: NE1 CZ2 CE2 CD2
 ** Warning: No sp2 improper torsion term for  C*-CN-CB-CA
        atoms are: CG CE2 CD2 CE3
 ** Warning: No sp2 improper torsion term for  NA-CA-CN-CB
        atoms are: NE1 CZ2 CE2 CD2
 ** Warning: No sp2 improper torsion term for  C*-CN-CB-CA
        atoms are: CG CE2 CD2 CE3
 ** Warning: No sp2 improper torsion term for  NA-CA-CN-CB
        atoms are: NE1 CZ2 CE2 CD2
 ** Warning: No sp2 improper torsion term for  C*-CN-CB-CA
        atoms are: CG CE2 CD2 CE3
 ** Warning: No sp2 improper torsion term for  NA-CA-CN-CB
        atoms are: NE1 CZ2 CE2 CD2
 ** Warning: No sp2 improper torsion term for  C*-CN-CB-CA
        atoms are: CG CE2 CD2 CE3
 total 550 improper torsions applied
Building H-Bond parameters.
Incorporating Non-Bonded adjustments.
Not Marking per-residue atom chain types.
Marking per-residue atom chain types.
  (Residues lacking connect0/connect1 - 
   these don't have chain types marked:

	res	total affected

	CPHE	2
	NPRO	2
	WAT	8330
  )
 (no restraints)
> quit
	Quit
